TN:
SF:src\lib\block.ts
FN:18,Block
FN:30,isValid
FN:43,getHash
FNF:3
FNH:3
FNDA:8,Block
FNDA:7,isValid
FNDA:14,getHash
DA:1,1
DA:2,1
DA:3,1
DA:4,1
DA:5,1
DA:6,1
DA:7,1
DA:8,1
DA:9,1
DA:10,1
DA:11,1
DA:12,1
DA:13,1
DA:14,1
DA:15,1
DA:16,1
DA:17,1
DA:18,1
DA:19,8
DA:20,8
DA:21,8
DA:22,8
DA:23,8
DA:24,8
DA:25,8
DA:26,1
DA:27,1
DA:28,1
DA:29,1
DA:30,1
DA:31,7
DA:32,7
DA:33,7
DA:34,7
DA:35,7
DA:36,1
DA:37,1
DA:38,1
DA:39,1
DA:40,1
DA:41,1
DA:42,1
DA:43,1
DA:44,14
DA:45,14
DA:46,1
LF:46
LH:46
BRDA:18,0,0,8
BRDA:19,1,0,1
BRDA:19,2,0,7
BRDA:20,3,0,1
BRDA:20,4,0,7
BRDA:20,5,0,2
BRDA:21,6,0,1
BRDA:21,7,0,7
BRDA:21,8,0,2
BRDA:22,9,0,1
BRDA:22,10,0,7
BRDA:22,11,0,2
BRDA:23,12,0,1
BRDA:23,13,0,7
BRDA:30,14,0,7
BRDA:31,15,0,2
BRDA:32,16,0,5
BRDA:32,17,0,1
BRDA:33,18,0,4
BRDA:33,19,0,1
BRDA:34,20,0,3
BRDA:34,21,0,1
BRDA:35,22,0,2
BRDA:35,23,0,1
BRDA:43,24,0,14
BRF:25
BRH:25
end_of_record
TN:
SF:src\lib\blockchain.ts
FN:10,Blockchain
FN:15,getLastBlock
FN:19,addBlock
FN:30,isValid
FN:41,getBlock
FNF:5
FNH:5
FNDA:7,Blockchain
FNDA:4,getLastBlock
FNDA:4,addBlock
FNDA:3,isValid
FNDA:1,getBlock
DA:1,1
DA:2,1
DA:3,1
DA:4,1
DA:5,1
DA:6,1
DA:7,1
DA:8,1
DA:9,1
DA:10,1
DA:11,7
DA:12,7
DA:13,7
DA:14,1
DA:15,1
DA:16,4
DA:17,4
DA:18,1
DA:19,1
DA:20,4
DA:21,4
DA:22,4
DA:23,4
DA:24,4
DA:25,3
DA:26,3
DA:27,3
DA:28,3
DA:29,1
DA:30,1
DA:31,3
DA:32,2
DA:33,2
DA:34,2
DA:35,2
DA:36,2
DA:37,2
DA:38,2
DA:39,2
DA:40,1
DA:41,1
DA:42,1
DA:43,1
DA:44,1
LF:44
LH:44
BRDA:10,0,0,7
BRDA:15,1,0,4
BRDA:19,2,0,4
BRDA:24,3,0,1
BRDA:25,4,0,3
BRDA:30,5,0,3
BRDA:31,6,0,2
BRDA:35,7,0,1
BRDA:41,8,0,1
BRDA:42,9,0,1
BRF:10
BRH:10
end_of_record
TN:
SF:src\lib\validation.ts
FN:14,Validation
FNF:1
FNH:1
FNDA:23,Validation
DA:1,1
DA:2,1
DA:3,1
DA:4,1
DA:5,1
DA:6,1
DA:7,1
DA:8,1
DA:9,1
DA:10,1
DA:11,1
DA:12,1
DA:13,1
DA:14,1
DA:15,23
DA:16,23
DA:17,23
DA:18,1
LF:18
LH:18
BRDA:14,0,0,23
BRF:1
BRH:1
end_of_record
TN:
SF:src\server\blockchainServer.ts
FNF:0
FNH:0
DA:1,1
DA:2,1
DA:3,1
DA:4,1
DA:5,1
DA:6,1
DA:7,1
DA:8,1
DA:9,1
DA:10,1
DA:11,1
DA:12,1
DA:13,1
DA:14,1
DA:15,1
DA:16,1
DA:17,1
DA:18,1
DA:19,1
DA:20,1
DA:21,1
DA:22,1
DA:23,1
DA:24,3
DA:25,3
DA:26,3
DA:27,3
DA:28,2
DA:29,2
DA:30,3
DA:31,3
DA:32,3
DA:33,2
DA:34,2
DA:35,3
DA:36,1
DA:37,1
DA:38,3
DA:39,2
DA:40,2
DA:41,2
DA:42,2
DA:43,3
DA:44,1
DA:45,1
DA:46,3
DA:47,3
DA:48,1
DA:49,1
DA:50,1
DA:51,1
DA:52,1
DA:53,1
LF:53
LH:53
BRDA:9,0,0,0
BRDA:49,1,0,0
BRDA:15,2,0,1
BRDA:23,3,0,3
BRDA:27,4,0,1
BRDA:28,5,0,2
BRDA:32,6,0,1
BRDA:33,7,0,2
BRDA:37,8,0,3
BRDA:38,9,0,1
BRDA:39,10,0,2
BRDA:43,11,0,1
BRF:12
BRH:10
end_of_record
